2026-01-21 11:05:54,201 INFO: Backend API server started [in C:\Users\Lenovo\OneDrive\Desktop\project assi\app.py:65]
2026-01-21 11:05:55,643 INFO: Backend API server started [in C:\Users\Lenovo\OneDrive\Desktop\project assi\app.py:65]
2026-01-21 11:06:21,959 INFO: Login attempt for email: admin@example.com [in C:\Users\Lenovo\OneDrive\Desktop\project assi\app.py:168]
2026-01-21 11:37:55,233 INFO: Backend API server started [in C:\Users\Lenovo\OneDrive\Desktop\project assi\app.py:65]
2026-01-21 11:37:56,754 INFO: Backend API server started [in C:\Users\Lenovo\OneDrive\Desktop\project assi\app.py:65]
2026-01-21 11:38:44,675 INFO: Login attempt for email: admin@example.com [in C:\Users\Lenovo\OneDrive\Desktop\project assi\app.py:168]
2026-01-21 13:44:08,077 INFO: Backend API server started [in C:\Users\Lenovo\OneDrive\Desktop\project assi\app.py:70]
2026-01-21 13:44:09,601 INFO: Backend API server started [in C:\Users\Lenovo\OneDrive\Desktop\project assi\app.py:70]
2026-01-21 13:45:16,428 INFO: Backend API server started [in C:\Users\Lenovo\OneDrive\Desktop\project assi\app.py:70]
2026-01-21 13:45:17,878 INFO: Backend API server started [in C:\Users\Lenovo\OneDrive\Desktop\project assi\app.py:70]
2026-01-21 13:45:34,626 INFO: Backend API server started [in C:\Users\Lenovo\OneDrive\Desktop\project assi\app.py:65]
2026-01-21 13:45:55,459 INFO: Backend API server started [in C:\Users\Lenovo\OneDrive\Desktop\project assi\app.py:65]
2026-01-21 13:45:56,837 INFO: Backend API server started [in C:\Users\Lenovo\OneDrive\Desktop\project assi\app.py:65]
2026-01-21 13:48:28,347 INFO: Backend API server started [in C:\Users\Lenovo\OneDrive\Desktop\project assi\app.py:65]
2026-01-21 13:48:28,406 INFO: Backend API server started [in C:\Users\Lenovo\OneDrive\Desktop\project assi\app.py:65]
2026-01-21 13:48:31,263 INFO: Backend API server started [in C:\Users\Lenovo\OneDrive\Desktop\project assi\app.py:65]
2026-01-21 13:48:31,295 INFO: Backend API server started [in C:\Users\Lenovo\OneDrive\Desktop\project assi\app.py:65]
2026-01-21 13:48:36,323 INFO: Backend API server started [in C:\Users\Lenovo\OneDrive\Desktop\project assi\app.py:65]
2026-01-21 13:48:36,323 INFO: Backend API server started [in C:\Users\Lenovo\OneDrive\Desktop\project assi\app.py:65]
2026-01-21 13:48:40,455 INFO: Backend API server started [in C:\Users\Lenovo\OneDrive\Desktop\project assi\app.py:65]
2026-01-21 13:48:41,234 INFO: Backend API server started [in C:\Users\Lenovo\OneDrive\Desktop\project assi\app.py:65]
2026-01-21 13:48:45,318 INFO: Backend API server started [in C:\Users\Lenovo\OneDrive\Desktop\project assi\app.py:65]
2026-01-21 13:48:45,485 INFO: Backend API server started [in C:\Users\Lenovo\OneDrive\Desktop\project assi\app.py:65]
2026-01-21 13:48:49,428 INFO: Backend API server started [in C:\Users\Lenovo\OneDrive\Desktop\project assi\app.py:65]
2026-01-21 13:48:49,527 INFO: Backend API server started [in C:\Users\Lenovo\OneDrive\Desktop\project assi\app.py:65]
2026-01-21 13:48:53,433 INFO: Backend API server started [in C:\Users\Lenovo\OneDrive\Desktop\project assi\app.py:65]
2026-01-21 13:48:53,449 INFO: Backend API server started [in C:\Users\Lenovo\OneDrive\Desktop\project assi\app.py:65]
2026-01-21 13:49:44,197 INFO: Backend API server started [in C:\Users\Lenovo\OneDrive\Desktop\project assi\app.py:65]
2026-01-21 13:49:45,652 INFO: Backend API server started [in C:\Users\Lenovo\OneDrive\Desktop\project assi\app.py:65]
2026-01-21 13:50:39,011 INFO: Backend API server started [in C:\Users\Lenovo\OneDrive\Desktop\project assi\app.py:65]
2026-01-21 13:50:39,121 INFO: Backend API server started [in C:\Users\Lenovo\OneDrive\Desktop\project assi\app.py:65]
2026-01-21 13:51:02,040 INFO: Login attempt for email: admin@example.com [in C:\Users\Lenovo\OneDrive\Desktop\project assi\app.py:170]
2026-01-21 13:51:02,176 INFO: Login successful: admin@example.com (user_id: 1) [in C:\Users\Lenovo\OneDrive\Desktop\project assi\app.py:194]
2026-01-21 13:51:06,751 INFO: Admin retrieved all users: admin_email=admin@example.com, user_count=3 [in C:\Users\Lenovo\OneDrive\Desktop\project assi\app.py:312]
2026-01-21 13:51:10,805 INFO: User deleted: user_id=3, user_email=noufalkolpe32@gmail.com, deleted_tasks=1, admin=admin@example.com [in C:\Users\Lenovo\OneDrive\Desktop\project assi\app.py:339]
2026-01-21 13:51:11,820 INFO: Admin retrieved all users: admin_email=admin@example.com, user_count=2 [in C:\Users\Lenovo\OneDrive\Desktop\project assi\app.py:312]
2026-01-21 13:51:16,449 INFO: Admin retrieved all users: admin_email=admin@example.com, user_count=2 [in C:\Users\Lenovo\OneDrive\Desktop\project assi\app.py:312]
